Using pre-set license
Built from '2020.3/staging' branch; Version is '2020.3.32f1 (12f8b0834f07) revision 1243312'; Using compiler version '192528614'; Build Type 'Release'
OS: 'Windows 11  (10.0.22000) 64bit Core' Language: 'en' Physical Memory: 16177 MB
BatchMode: 1, IsHumanControllingUs: 0, StartBugReporterOnCrash: 0, Is64bit: 1, IsPro: 0

COMMAND LINE ARGUMENTS:
C:\Program Files\Unity\Hub\Editor\2020.3.32f1\Editor\Unity.exe
-adb2
-batchMode
-noUpm
-name
AssetImportWorker0
-projectPath
C:/Users/tarza/Desktop/Project/LevelDesign_PigeonVision
-logFile
Logs/AssetImportWorker0.log
-srvPort
50396
Successfully changed project path to: C:/Users/tarza/Desktop/Project/LevelDesign_PigeonVision
C:/Users/tarza/Desktop/Project/LevelDesign_PigeonVision
Using Asset Import Pipeline V2.
Refreshing native plugins compatible for Editor in 85.46 ms, found 2 plugins.
Preloading 0 native plugins for Editor in 0.00 ms.
Initialize engine version: 2020.3.32f1 (12f8b0834f07)
[Subsystems] Discovering subsystems at path C:/Program Files/Unity/Hub/Editor/2020.3.32f1/Editor/Data/Resources/UnitySubsystems
[Subsystems] Discovering subsystems at path C:/Users/tarza/Desktop/Project/LevelDesign_PigeonVision/Assets
GfxDevice: creating device client; threaded=0
Direct3D:
    Version:  Direct3D 11.0 [level 11.1]
    Renderer: NVIDIA GeForce GTX 1650 Ti (ID=0x1f95)
    Vendor:   
    VRAM:     3962 MB
    Driver:   30.0.15.1169
Initialize mono
Mono path[0] = 'C:/Program Files/Unity/Hub/Editor/2020.3.32f1/Editor/Data/Managed'
Mono path[1] = 'C:/Program Files/Unity/Hub/Editor/2020.3.32f1/Editor/Data/MonoBleedingEdge/lib/mono/unityjit'
Mono config path = 'C:/Program Files/Unity/Hub/Editor/2020.3.32f1/Editor/Data/MonoBleedingEdge/etc'
Using monoOptions --debugger-agent=transport=dt_socket,embedding=1,server=y,suspend=n,address=127.0.0.1:56440
Begin MonoManager ReloadAssembly
Registering precompiled unity dll's ...
Register platform support module: C:/Program Files/Unity/Hub/Editor/2020.3.32f1/Editor/Data/PlaybackEngines/WindowsStandaloneSupport/UnityEditor.WindowsStandalone.Extensions.dll
Registered in 0.004132 seconds.
Native extension for WindowsStandalone target not found
Refreshing native plugins compatible for Editor in 223.42 ms, found 2 plugins.
Preloading 0 native plugins for Editor in 0.00 ms.
Mono: successfully reloaded assembly
- Completed reload, in  1.296 seconds
Domain Reload Profiling:
	ReloadAssembly (1297ms)
		BeginReloadAssembly (120ms)
			ExecutionOrderSort (0ms)
			DisableScriptedObjects (0ms)
			BackupInstance (0ms)
			ReleaseScriptingObjects (0ms)
			CreateAndSetChildDomain (1ms)
		EndReloadAssembly (1071ms)
			LoadAssemblies (118ms)
			RebuildTransferFunctionScriptingTraits (0ms)
			SetupTypeCache (233ms)
			ReleaseScriptCaches (0ms)
			RebuildScriptCaches (120ms)
			SetupLoadedEditorAssemblies (441ms)
				LogAssemblyErrors (0ms)
				InitializePlatformSupportModulesInManaged (16ms)
				SetLoadedEditorAssemblies (1ms)
				RefreshPlugins (224ms)
				BeforeProcessingInitializeOnLoad (29ms)
				ProcessInitializeOnLoadAttributes (123ms)
				ProcessInitializeOnLoadMethodAttributes (48ms)
				AfterProcessingInitializeOnLoad (0ms)
				EditorAssembliesLoaded (0ms)
			ExecutionOrderSort2 (0ms)
			AwakeInstancesAfterBackupRestoration (0ms)
Platform modules already initialized, skipping
Registering precompiled user dll's ...
Registered in 0.016086 seconds.
Begin MonoManager ReloadAssembly
Native extension for WindowsStandalone target not found
Refreshing native plugins compatible for Editor in 82.44 ms, found 2 plugins.
Preloading 0 native plugins for Editor in 0.00 ms.
Mono: successfully reloaded assembly
- Completed reload, in  1.646 seconds
Domain Reload Profiling:
	ReloadAssembly (1647ms)
		BeginReloadAssembly (205ms)
			ExecutionOrderSort (0ms)
			DisableScriptedObjects (6ms)
			BackupInstance (0ms)
			ReleaseScriptingObjects (0ms)
			CreateAndSetChildDomain (22ms)
		EndReloadAssembly (1359ms)
			LoadAssemblies (196ms)
			RebuildTransferFunctionScriptingTraits (0ms)
			SetupTypeCache (424ms)
			ReleaseScriptCaches (1ms)
			RebuildScriptCaches (72ms)
			SetupLoadedEditorAssemblies (516ms)
				LogAssemblyErrors (0ms)
				InitializePlatformSupportModulesInManaged (4ms)
				SetLoadedEditorAssemblies (0ms)
				RefreshPlugins (83ms)
				BeforeProcessingInitializeOnLoad (138ms)
				ProcessInitializeOnLoadAttributes (266ms)
				ProcessInitializeOnLoadMethodAttributes (16ms)
				AfterProcessingInitializeOnLoad (9ms)
				EditorAssembliesLoaded (0ms)
			ExecutionOrderSort2 (0ms)
			AwakeInstancesAfterBackupRestoration (8ms)
Platform modules already initialized, skipping
========================================================================
Worker process is ready to serve import requests
Launched and connected shader compiler UnityShaderCompiler.exe after 0.13 seconds
Refreshing native plugins compatible for Editor in 0.77 ms, found 2 plugins.
Preloading 0 native plugins for Editor in 0.00 ms.
Unloading 3200 Unused Serialized files (Serialized files now loaded: 0)
System memory in use before: 147.8 MB.
System memory in use after: 148.0 MB.

Unloading 18 unused Assets to reduce memory usage. Loaded Objects now: 3638.
Total: 6.415200 ms (FindLiveObjects: 0.321500 ms CreateObjectMapping: 0.226700 ms MarkObjects: 5.720500 ms  DeleteObjects: 0.145000 ms)

AssetImportParameters requested are different than current active one (requested -> active):
  custom:framework-win-MediaFoundation: 216162199b28c13a410421893ffa2e32 -> 
  custom:video-decoder-ogg-theora: a1e56fd34408186e4bbccfd4996cb3dc -> 
  custom:container-muxer-webm: aa71ff27fc2769a1b78a27578f13a17b -> 
  custom:container-demuxer-webm: 4f35f7cbe854078d1ac9338744f61a02 -> 
  custom:container-demuxer-ogg: 62fdf1f143b41e24485cea50d1cbac27 -> 
  custom:video-encoder-webm-vp8: eb34c28f22e8b96e1ab97ce403110664 -> 
  custom:video-codec-MediaFoundation-h265: 746d11721c4dcdbdad8f713fa42b33f4 -> 
  custom:video-decoder-webm-vp8: 9c59270c3fd7afecdb556c50c9e8de78 -> 
  custom:audio-decoder-ogg-vorbis: bf7c407c2cedff20999df2af8eb42d56 -> 
  custom:audio-encoder-webm-vorbis: bf7c407c2cedff20999df2af8eb42d56 -> 
========================================================================
Received Import Request.
  path: Assets/AudioFiles/central_bg.wav
  artifactKey: Guid(414a3d18c996bf742a0149712b2dee2e) Importer(815301076,1909f56bfc062723c751e8b465ee728b)
Start importing Assets/AudioFiles/central_bg.wav using Guid(414a3d18c996bf742a0149712b2dee2e) Importer(815301076,1909f56bfc062723c751e8b465ee728b)  -> (artifact id: 'f2f9c17412b46d532d7d76d6b0009009') in 0.196004 seconds 
========================================================================
Received Import Request.
  Time since last request: 21.967377 seconds.
  path: Assets/AudioFiles/tokyo_bg.wav
  artifactKey: Guid(79bbc14fb4f7257409cb3790dde41db9) Importer(815301076,1909f56bfc062723c751e8b465ee728b)
Start importing Assets/AudioFiles/tokyo_bg.wav using Guid(79bbc14fb4f7257409cb3790dde41db9) Importer(815301076,1909f56bfc062723c751e8b465ee728b)  -> (artifact id: '533d82e71990e26321b5efa39a82aed9') in 0.032350 seconds 
========================================================================
Received Import Request.
  Time since last request: 25.116377 seconds.
  path: Assets/AudioFiles/yamanote_bg.wav
  artifactKey: Guid(697c66e4eef96954588107c648d1b8f7) Importer(815301076,1909f56bfc062723c751e8b465ee728b)
Start importing Assets/AudioFiles/yamanote_bg.wav using Guid(697c66e4eef96954588107c648d1b8f7) Importer(815301076,1909f56bfc062723c751e8b465ee728b)  -> (artifact id: '6e94139bd5a424757b1717788e4533be') in 0.016315 seconds 
========================================================================
Received Import Request.
  Time since last request: 87.664009 seconds.
  path: Assets/AudioFiles/birdsounds/flappy4.wav
  artifactKey: Guid(2771ca83c71a6984ab7fb2d2d1fb0222) Importer(815301076,1909f56bfc062723c751e8b465ee728b)
Start importing Assets/AudioFiles/birdsounds/flappy4.wav using Guid(2771ca83c71a6984ab7fb2d2d1fb0222) Importer(815301076,1909f56bfc062723c751e8b465ee728b)  -> (artifact id: '25485a7d40c85758adc2940a85f9f2a4') in 0.029240 seconds 
========================================================================
Received Import Request.
  Time since last request: 18.045927 seconds.
  path: Assets/AudioFiles/birdsounds/flappy5.wav
  artifactKey: Guid(f0b0232bc22a83f4c97bd634427a45ba) Importer(815301076,1909f56bfc062723c751e8b465ee728b)
Start importing Assets/AudioFiles/birdsounds/flappy5.wav using Guid(f0b0232bc22a83f4c97bd634427a45ba) Importer(815301076,1909f56bfc062723c751e8b465ee728b)  -> (artifact id: '8bbe34787b36f671934d3c592ee6ff3e') in 0.018048 seconds 
========================================================================
Received Import Request.
  Time since last request: 1843.260622 seconds.
  path: Assets/Scenes/PigeonVision.unity
  artifactKey: Guid(d1c3109bdb54ad54c8a2b2838528e640) Importer(815301076,1909f56bfc062723c751e8b465ee728b)
Start importing Assets/Scenes/PigeonVision.unity using Guid(d1c3109bdb54ad54c8a2b2838528e640) Importer(815301076,1909f56bfc062723c751e8b465ee728b)  -> (artifact id: '6192c891718e5b71302727d0bc6fc7fe') in 0.014199 seconds 
AssetImportWorkerClient::OnTransportError - code=2 error=End of file
